TN:
SF:/Users/user/Documents/Own/development/social-network/frontend/src/App.vue
FN:18,(anonymous_1)
FNF:1
FNH:1
FNDA:1,(anonymous_1)
DA:19,1
LF:1
LH:1
BRF:0
BRH:0
end_of_record
TN:
SF:/Users/user/Documents/Own/development/social-network/frontend/src/components/User.vue
FN:29,(anonymous_1)
FN:56,(anonymous_2)
FN:58,(anonymous_3)
FN:65,(anonymous_4)
FN:70,(anonymous_5)
FN:71,(anonymous_6)
FN:75,(anonymous_7)
FNF:7
FNH:1
FNDA:1,(anonymous_1)
FNDA:0,(anonymous_2)
FNDA:0,(anonymous_3)
FNDA:0,(anonymous_4)
FNDA:0,(anonymous_5)
FNDA:0,(anonymous_6)
FNDA:0,(anonymous_7)
DA:24,1
DA:30,1
DA:58,0
DA:60,0
DA:61,0
DA:62,0
DA:63,0
DA:64,0
DA:67,0
DA:71,0
DA:73,0
DA:74,0
DA:77,0
LF:13
LH:2
BRF:0
BRH:0
end_of_record
TN:
SF:/Users/user/Documents/Own/development/social-network/frontend/src/components/backend-api.js
FN:10,(anonymous_0)
FN:13,(anonymous_1)
FN:16,(anonymous_2)
FN:19,(anonymous_3)
FN:37,(anonymous_4)
FN:50,(anonymous_5)
FN:54,(anonymous_6)
FN:58,(anonymous_7)
FN:71,(anonymous_8)
FN:96,(anonymous_9)
FNF:10
FNH:0
FNDA:0,(anonymous_0)
FNDA:0,(anonymous_1)
FNDA:0,(anonymous_2)
FNDA:0,(anonymous_3)
FNDA:0,(anonymous_4)
FNDA:0,(anonymous_5)
FNDA:0,(anonymous_6)
FNDA:0,(anonymous_7)
FNDA:0,(anonymous_8)
FNDA:0,(anonymous_9)
DA:3,1
DA:11,0
DA:14,0
DA:17,0
DA:20,0
DA:31,0
DA:38,0
DA:43,0
DA:51,0
DA:55,0
DA:59,0
DA:64,0
DA:72,0
DA:80,0
DA:81,0
DA:82,0
DA:83,0
DA:84,0
DA:86,0
DA:90,0
DA:97,0
LF:21
LH:1
BRF:0
BRH:0
end_of_record
